android/app/build/intermediates/manifest_merge_blame_file/debug/manifest-merger-blame-debug-report.txt
1<?xml version="1.0" encoding="utf-8"?>
2<manifest xmlns:android="http://schemas.android.com/apk/res/android"
3    package="com.ndtapp"
4    android:versionCode="1"
5    android:versionName="1.0" >
6
7    <uses-sdk
8        android:minSdkVersion="21"
9        android:targetSdkVersion="30" />
10
11    <uses-permission android:name="android.permission.SYSTEM_ALERT_WINDOW" />
11-->src\debug\AndroidManifest.xml:5:5-77
11-->src\debug\AndroidManifest.xml:5:22-75
12    <uses-permission android:name="android.permission.INTERNET" />
12-->src\main\AndroidManifest.xml:4:5-67
12-->src\main\AndroidManifest.xml:4:22-64
13    <uses-permission android:name="android.permission.ACCESS_WIFI_STATE" /> <!-- Create a unique permission for your app and use it so only your app can receive your OneSignal messages. -->
13-->[com.facebook.flipper:flipper:0.75.1] AndroidManifest.xml:16:5-76
13-->[com.facebook.flipper:flipper:0.75.1] AndroidManifest.xml:16:22-73
14    <permission
14-->[com.onesignal:OneSignal:4.6.7] AndroidManifest.xml:7:5-9:47
15        android:name="com.ndtapp.permission.C2D_MESSAGE"
15-->[com.onesignal:OneSignal:4.6.7] AndroidManifest.xml:8:9-63
16        android:protectionLevel="signature" />
16-->[com.onesignal:OneSignal:4.6.7] AndroidManifest.xml:9:9-44
17
18    <uses-permission android:name="com.ndtapp.permission.C2D_MESSAGE" /> <!-- c2dm RECEIVE are basic requirements for push messages through Google's FCM -->
18-->[com.onesignal:OneSignal:4.6.7] AndroidManifest.xml:11:5-79
18-->[com.onesignal:OneSignal:4.6.7] AndroidManifest.xml:11:22-76
19    <uses-permission android:name="com.google.android.c2dm.permission.RECEIVE" /> <!-- Required, makes sure notifications are delivered on time. -->
19-->[com.onesignal:OneSignal:4.6.7] AndroidManifest.xml:17:5-82
19-->[com.onesignal:OneSignal:4.6.7] AndroidManifest.xml:17:22-79
20    <uses-permission android:name="android.permission.WAKE_LOCK" />
20-->[com.onesignal:OneSignal:4.6.7] AndroidManifest.xml:18:5-68
20-->[com.onesignal:OneSignal:4.6.7] AndroidManifest.xml:18:22-65
21    <!--
22 Required so the device vibrates on receiving a push notification.
23         Vibration settings of the device still apply.
24    -->
25    <uses-permission android:name="android.permission.VIBRATE" />
25-->[com.onesignal:OneSignal:4.6.7] AndroidManifest.xml:23:5-66
25-->[com.onesignal:OneSignal:4.6.7] AndroidManifest.xml:23:22-63
26    <uses-permission android:name="android.permission.ACCESS_NETWORK_STATE" />
26-->[com.onesignal:OneSignal:4.6.7] AndroidManifest.xml:24:5-79
26-->[com.onesignal:OneSignal:4.6.7] AndroidManifest.xml:24:22-76
27    <!--
28 Use to restore notifications the user hasn't interacted with.
29         They could be missed notifications if the user reboots their device if this isn't in place.
30    -->
31    <uses-permission android:name="android.permission.RECEIVE_BOOT_COMPLETED" /> <!-- START: ShortcutBadger -->
31-->[com.onesignal:OneSignal:4.6.7] AndroidManifest.xml:29:5-81
31-->[com.onesignal:OneSignal:4.6.7] AndroidManifest.xml:29:22-78
32    <!-- Samsung -->
33    <uses-permission android:name="com.sec.android.provider.badge.permission.READ" />
33-->[com.onesignal:OneSignal:4.6.7] AndroidManifest.xml:31:5-86
33-->[com.onesignal:OneSignal:4.6.7] AndroidManifest.xml:31:22-83
34    <uses-permission android:name="com.sec.android.provider.badge.permission.WRITE" /> <!-- HTC -->
34-->[com.onesignal:OneSignal:4.6.7] AndroidManifest.xml:32:5-87
34-->[com.onesignal:OneSignal:4.6.7] AndroidManifest.xml:32:22-84
35    <uses-permission android:name="com.htc.launcher.permission.READ_SETTINGS" />
35-->[com.onesignal:OneSignal:4.6.7] AndroidManifest.xml:33:5-81
35-->[com.onesignal:OneSignal:4.6.7] AndroidManifest.xml:33:22-78
36    <uses-permission android:name="com.htc.launcher.permission.UPDATE_SHORTCUT" /> <!-- Sony -->
36-->[com.onesignal:OneSignal:4.6.7] AndroidManifest.xml:34:5-83
36-->[com.onesignal:OneSignal:4.6.7] AndroidManifest.xml:34:22-80
37    <uses-permission android:name="com.sonyericsson.home.permission.BROADCAST_BADGE" />
37-->[com.onesignal:OneSignal:4.6.7] AndroidManifest.xml:35:5-88
37-->[com.onesignal:OneSignal:4.6.7] AndroidManifest.xml:35:22-85
38    <uses-permission android:name="com.sonymobile.home.permission.PROVIDER_INSERT_BADGE" /> <!-- Apex -->
38-->[com.onesignal:OneSignal:4.6.7] AndroidManifest.xml:36:5-92
38-->[com.onesignal:OneSignal:4.6.7] AndroidManifest.xml:36:22-89
39    <uses-permission android:name="com.anddoes.launcher.permission.UPDATE_COUNT" /> <!-- Solid -->
39-->[com.onesignal:OneSignal:4.6.7] AndroidManifest.xml:37:5-84
39-->[com.onesignal:OneSignal:4.6.7] AndroidManifest.xml:37:22-81
40    <uses-permission android:name="com.majeur.launcher.permission.UPDATE_BADGE" /> <!-- Huawei -->
40-->[com.onesignal:OneSignal:4.6.7] AndroidManifest.xml:38:5-83
40-->[com.onesignal:OneSignal:4.6.7] AndroidManifest.xml:38:22-80
41    <uses-permission android:name="com.huawei.android.launcher.permission.CHANGE_BADGE" />
41-->[com.onesignal:OneSignal:4.6.7] AndroidManifest.xml:39:5-91
41-->[com.onesignal:OneSignal:4.6.7] AndroidManifest.xml:39:22-88
42    <uses-permission android:name="com.huawei.android.launcher.permission.READ_SETTINGS" />
42-->[com.onesignal:OneSignal:4.6.7] AndroidManifest.xml:40:5-92
42-->[com.onesignal:OneSignal:4.6.7] AndroidManifest.xml:40:22-89
43    <uses-permission android:name="com.huawei.android.launcher.permission.WRITE_SETTINGS" /> <!-- ZUK -->
43-->[com.onesignal:OneSignal:4.6.7] AndroidManifest.xml:41:5-93
43-->[com.onesignal:OneSignal:4.6.7] AndroidManifest.xml:41:22-90
44    <uses-permission android:name="android.permission.READ_APP_BADGE" /> <!-- OPPO -->
44-->[com.onesignal:OneSignal:4.6.7] AndroidManifest.xml:42:5-73
44-->[com.onesignal:OneSignal:4.6.7] AndroidManifest.xml:42:22-70
45    <uses-permission android:name="com.oppo.launcher.permission.READ_SETTINGS" />
45-->[com.onesignal:OneSignal:4.6.7] AndroidManifest.xml:43:5-82
45-->[com.onesignal:OneSignal:4.6.7] AndroidManifest.xml:43:22-79
46    <uses-permission android:name="com.oppo.launcher.permission.WRITE_SETTINGS" /> <!-- EvMe -->
46-->[com.onesignal:OneSignal:4.6.7] AndroidManifest.xml:44:5-83
46-->[com.onesignal:OneSignal:4.6.7] AndroidManifest.xml:44:22-80
47    <uses-permission android:name="me.everything.badger.permission.BADGE_COUNT_READ" />
47-->[com.onesignal:OneSignal:4.6.7] AndroidManifest.xml:45:5-88
47-->[com.onesignal:OneSignal:4.6.7] AndroidManifest.xml:45:22-85
48    <uses-permission android:name="me.everything.badger.permission.BADGE_COUNT_WRITE" />
48-->[com.onesignal:OneSignal:4.6.7] AndroidManifest.xml:46:5-89
48-->[com.onesignal:OneSignal:4.6.7] AndroidManifest.xml:46:22-86
49    <uses-permission android:name="android.permission.FOREGROUND_SERVICE" />
49-->[androidx.work:work-runtime:2.6.0] AndroidManifest.xml:28:5-77
49-->[androidx.work:work-runtime:2.6.0] AndroidManifest.xml:28:22-74
50    <uses-permission android:name="com.google.android.finsky.permission.BIND_GET_INSTALL_REFERRER_SERVICE" />
50-->[com.android.installreferrer:installreferrer:1.1.2] AndroidManifest.xml:9:5-110
50-->[com.android.installreferrer:installreferrer:1.1.2] AndroidManifest.xml:9:22-107
51
52    <application
52-->src\main\AndroidManifest.xml:6:5-23:19
53        android:name="com.ndtapp.MainApplication"
53-->src\main\AndroidManifest.xml:7:7-38
54        android:allowBackup="false"
54-->src\main\AndroidManifest.xml:10:7-34
55        android:appComponentFactory="androidx.core.app.CoreComponentFactory"
55-->[androidx.core:core:1.1.0] AndroidManifest.xml:24:18-86
56        android:debuggable="true"
57        android:icon="@mipmap/ic_launcher"
57-->src\main\AndroidManifest.xml:9:7-41
58        android:label="@string/app_name"
58-->src\main\AndroidManifest.xml:8:7-39
59        android:theme="@style/AppTheme"
59-->src\main\AndroidManifest.xml:11:7-38
60        android:usesCleartextTraffic="true" >
60-->src\debug\AndroidManifest.xml:8:9-44
61        <activity android:name="com.facebook.react.devsupport.DevSettingsActivity" />
61-->src\debug\AndroidManifest.xml:11:9-86
61-->src\debug\AndroidManifest.xml:11:19-83
62        <activity
62-->src\main\AndroidManifest.xml:12:7-22:18
63            android:name="com.ndtapp.MainActivity"
63-->src\main\AndroidManifest.xml:13:9-37
64            android:configChanges="keyboard|keyboardHidden|orientation|screenSize|uiMode"
64-->src\main\AndroidManifest.xml:15:9-86
65            android:label="@string/app_name"
65-->src\main\AndroidManifest.xml:14:9-41
66            android:launchMode="singleTask"
66-->src\main\AndroidManifest.xml:16:9-40
67            android:windowSoftInputMode="adjustResize" >
67-->src\main\AndroidManifest.xml:17:9-51
68            <intent-filter>
68-->src\main\AndroidManifest.xml:18:9-21:25
69                <action android:name="android.intent.action.MAIN" />
69-->src\main\AndroidManifest.xml:19:13-65
69-->src\main\AndroidManifest.xml:19:21-62
70
71                <category android:name="android.intent.category.LAUNCHER" />
71-->src\main\AndroidManifest.xml:20:13-73
71-->src\main\AndroidManifest.xml:20:23-70
72            </intent-filter>
73        </activity>
74
75        <receiver
75-->[com.onesignal:OneSignal:4.6.7] AndroidManifest.xml:49:9-60:20
76            android:name="com.onesignal.FCMBroadcastReceiver"
76-->[com.onesignal:OneSignal:4.6.7] AndroidManifest.xml:50:13-62
77            android:exported="true"
77-->[com.onesignal:OneSignal:4.6.7] AndroidManifest.xml:51:13-36
78            android:permission="com.google.android.c2dm.permission.SEND" >
78-->[com.onesignal:OneSignal:4.6.7] AndroidManifest.xml:52:13-73
79
80            <!-- High priority so OneSignal payloads can be filtered from other FCM receivers -->
81            <intent-filter android:priority="999" >
81-->[com.onesignal:OneSignal:4.6.7] AndroidManifest.xml:55:13-59:29
81-->[com.onesignal:OneSignal:4.6.7] AndroidManifest.xml:55:28-50
82                <action android:name="com.google.android.c2dm.intent.RECEIVE" />
82-->[com.onesignal:OneSignal:4.6.7] AndroidManifest.xml:56:17-81
82-->[com.onesignal:OneSignal:4.6.7] AndroidManifest.xml:56:25-78
83
84                <category android:name="com.ndtapp" />
84-->[com.onesignal:OneSignal:4.6.7] AndroidManifest.xml:58:17-61
84-->[com.onesignal:OneSignal:4.6.7] AndroidManifest.xml:58:27-58
85            </intent-filter>
86        </receiver>
87
88        <service
88-->[com.onesignal:OneSignal:4.6.7] AndroidManifest.xml:62:9-68:19
89            android:name="com.onesignal.HmsMessageServiceOneSignal"
89-->[com.onesignal:OneSignal:4.6.7] AndroidManifest.xml:63:13-68
90            android:exported="false" >
90-->[com.onesignal:OneSignal:4.6.7] AndroidManifest.xml:64:13-37
91            <intent-filter>
91-->[com.onesignal:OneSignal:4.6.7] AndroidManifest.xml:65:13-67:29
92                <action android:name="com.huawei.push.action.MESSAGING_EVENT" />
92-->[com.onesignal:OneSignal:4.6.7] AndroidManifest.xml:66:17-81
92-->[com.onesignal:OneSignal:4.6.7] AndroidManifest.xml:66:25-78
93            </intent-filter>
94        </service>
95
96        <activity
96-->[com.onesignal:OneSignal:4.6.7] AndroidManifest.xml:70:9-78:20
97            android:name="com.onesignal.NotificationOpenedActivityHMS"
97-->[com.onesignal:OneSignal:4.6.7] AndroidManifest.xml:71:13-71
98            android:exported="true"
98-->[com.onesignal:OneSignal:4.6.7] AndroidManifest.xml:72:13-36
99            android:noHistory="true"
99-->[com.onesignal:OneSignal:4.6.7] AndroidManifest.xml:73:13-37
100            android:theme="@android:style/Theme.Translucent.NoTitleBar" >
100-->[com.onesignal:OneSignal:4.6.7] AndroidManifest.xml:74:13-72
101            <intent-filter>
101-->[com.onesignal:OneSignal:4.6.7] AndroidManifest.xml:75:13-77:29
102                <action android:name="android.intent.action.VIEW" />
102-->[com.onesignal:OneSignal:4.6.7] AndroidManifest.xml:76:17-69
102-->[com.onesignal:OneSignal:4.6.7] AndroidManifest.xml:76:25-66
103            </intent-filter>
104        </activity>
105
106        <service
106-->[com.onesignal:OneSignal:4.6.7] AndroidManifest.xml:80:9-82:40
107            android:name="com.onesignal.FCMIntentService"
107-->[com.onesignal:OneSignal:4.6.7] AndroidManifest.xml:81:13-58
108            android:exported="false" />
108-->[com.onesignal:OneSignal:4.6.7] AndroidManifest.xml:82:13-37
109        <service
109-->[com.onesignal:OneSignal:4.6.7] AndroidManifest.xml:83:9-86:72
110            android:name="com.onesignal.FCMIntentJobService"
110-->[com.onesignal:OneSignal:4.6.7] AndroidManifest.xml:84:13-61
111            android:exported="false"
111-->[com.onesignal:OneSignal:4.6.7] AndroidManifest.xml:85:13-37
112            android:permission="android.permission.BIND_JOB_SERVICE" />
112-->[com.onesignal:OneSignal:4.6.7] AndroidManifest.xml:86:13-69
113        <service
113-->[com.onesignal:OneSignal:4.6.7] AndroidManifest.xml:87:9-90:43
114            android:name="com.onesignal.SyncService"
114-->[com.onesignal:OneSignal:4.6.7] AndroidManifest.xml:88:13-53
115            android:exported="false"
115-->[com.onesignal:OneSignal:4.6.7] AndroidManifest.xml:89:13-37
116            android:stopWithTask="true" />
116-->[com.onesignal:OneSignal:4.6.7] AndroidManifest.xml:90:13-40
117        <service
117-->[com.onesignal:OneSignal:4.6.7] AndroidManifest.xml:91:9-94:72
118            android:name="com.onesignal.SyncJobService"
118-->[com.onesignal:OneSignal:4.6.7] AndroidManifest.xml:92:13-56
119            android:exported="false"
119-->[com.onesignal:OneSignal:4.6.7] AndroidManifest.xml:93:13-37
120            android:permission="android.permission.BIND_JOB_SERVICE" />
120-->[com.onesignal:OneSignal:4.6.7] AndroidManifest.xml:94:13-69
121
122        <activity
122-->[com.onesignal:OneSignal:4.6.7] AndroidManifest.xml:96:9-99:75
123            android:name="com.onesignal.PermissionsActivity"
123-->[com.onesignal:OneSignal:4.6.7] AndroidManifest.xml:97:13-61
124            android:exported="false"
124-->[com.onesignal:OneSignal:4.6.7] AndroidManifest.xml:98:13-37
125            android:theme="@android:style/Theme.Translucent.NoTitleBar" />
125-->[com.onesignal:OneSignal:4.6.7] AndroidManifest.xml:99:13-72
126
127        <receiver
127-->[com.onesignal:OneSignal:4.6.7] AndroidManifest.xml:101:9-103:39
128            android:name="com.onesignal.NotificationDismissReceiver"
128-->[com.onesignal:OneSignal:4.6.7] AndroidManifest.xml:102:13-69
129            android:exported="true" />
129-->[com.onesignal:OneSignal:4.6.7] AndroidManifest.xml:103:13-36
130        <receiver
130-->[com.onesignal:OneSignal:4.6.7] AndroidManifest.xml:104:9-111:20
131            android:name="com.onesignal.BootUpReceiver"
131-->[com.onesignal:OneSignal:4.6.7] AndroidManifest.xml:105:13-56
132            android:exported="true" >
132-->[com.onesignal:OneSignal:4.6.7] AndroidManifest.xml:106:13-36
133            <intent-filter>
133-->[com.onesignal:OneSignal:4.6.7] AndroidManifest.xml:107:13-110:29
134                <action android:name="android.intent.action.BOOT_COMPLETED" />
134-->[com.onesignal:OneSignal:4.6.7] AndroidManifest.xml:108:17-79
134-->[com.onesignal:OneSignal:4.6.7] AndroidManifest.xml:108:25-76
135                <action android:name="android.intent.action.QUICKBOOT_POWERON" />
135-->[com.onesignal:OneSignal:4.6.7] AndroidManifest.xml:109:17-82
135-->[com.onesignal:OneSignal:4.6.7] AndroidManifest.xml:109:25-79
136            </intent-filter>
137        </receiver>
138        <receiver
138-->[com.onesignal:OneSignal:4.6.7] AndroidManifest.xml:112:9-118:20
139            android:name="com.onesignal.UpgradeReceiver"
139-->[com.onesignal:OneSignal:4.6.7] AndroidManifest.xml:113:13-57
140            android:exported="true" >
140-->[com.onesignal:OneSignal:4.6.7] AndroidManifest.xml:114:13-36
141            <intent-filter>
141-->[com.onesignal:OneSignal:4.6.7] AndroidManifest.xml:115:13-117:29
142                <action android:name="android.intent.action.MY_PACKAGE_REPLACED" />
142-->[com.onesignal:OneSignal:4.6.7] AndroidManifest.xml:116:17-84
142-->[com.onesignal:OneSignal:4.6.7] AndroidManifest.xml:116:25-81
143            </intent-filter>
144        </receiver>
145
146        <activity
146-->[com.onesignal:OneSignal:4.6.7] AndroidManifest.xml:120:9-126:75
147            android:name="com.onesignal.NotificationOpenedReceiver"
147-->[com.onesignal:OneSignal:4.6.7] AndroidManifest.xml:121:13-68
148            android:excludeFromRecents="true"
148-->[com.onesignal:OneSignal:4.6.7] AndroidManifest.xml:122:13-46
149            android:exported="true"
149-->[com.onesignal:OneSignal:4.6.7] AndroidManifest.xml:123:13-36
150            android:noHistory="true"
150-->[com.onesignal:OneSignal:4.6.7] AndroidManifest.xml:124:13-37
151            android:taskAffinity=""
151-->[com.onesignal:OneSignal:4.6.7] AndroidManifest.xml:125:13-36
152            android:theme="@android:style/Theme.Translucent.NoTitleBar" />
152-->[com.onesignal:OneSignal:4.6.7] AndroidManifest.xml:126:13-72
153        <activity
153-->[com.onesignal:OneSignal:4.6.7] AndroidManifest.xml:127:9-132:75
154            android:name="com.onesignal.NotificationOpenedReceiverAndroid22AndOlder"
154-->[com.onesignal:OneSignal:4.6.7] AndroidManifest.xml:128:13-85
155            android:excludeFromRecents="true"
155-->[com.onesignal:OneSignal:4.6.7] AndroidManifest.xml:129:13-46
156            android:exported="true"
156-->[com.onesignal:OneSignal:4.6.7] AndroidManifest.xml:130:13-36
157            android:noHistory="true"
157-->[com.onesignal:OneSignal:4.6.7] AndroidManifest.xml:131:13-37
158            android:theme="@android:style/Theme.Translucent.NoTitleBar" />
158-->[com.onesignal:OneSignal:4.6.7] AndroidManifest.xml:132:13-72
159
160        <provider
160-->[androidx.work:work-runtime:2.6.0] AndroidManifest.xml:31:9-39:20
161            android:name="androidx.startup.InitializationProvider"
161-->[androidx.work:work-runtime:2.6.0] AndroidManifest.xml:32:13-67
162            android:authorities="com.ndtapp.androidx-startup"
162-->[androidx.work:work-runtime:2.6.0] AndroidManifest.xml:33:13-68
163            android:exported="false" >
163-->[androidx.work:work-runtime:2.6.0] AndroidManifest.xml:34:13-37
164            <meta-data
164-->[androidx.work:work-runtime:2.6.0] AndroidManifest.xml:36:13-38:52
165                android:name="androidx.work.WorkManagerInitializer"
165-->[androidx.work:work-runtime:2.6.0] AndroidManifest.xml:37:17-68
166                android:value="androidx.startup" />
166-->[androidx.work:work-runtime:2.6.0] AndroidManifest.xml:38:17-49
167        </provider>
168
169        <service
169-->[androidx.work:work-runtime:2.6.0] AndroidManifest.xml:41:9-46:35
170            android:name="androidx.work.impl.background.systemalarm.SystemAlarmService"
170-->[androidx.work:work-runtime:2.6.0] AndroidManifest.xml:42:13-88
171            android:directBootAware="false"
171-->[androidx.work:work-runtime:2.6.0] AndroidManifest.xml:43:13-44
172            android:enabled="@bool/enable_system_alarm_service_default"
172-->[androidx.work:work-runtime:2.6.0] AndroidManifest.xml:44:13-72
173            android:exported="false" />
173-->[androidx.work:work-runtime:2.6.0] AndroidManifest.xml:45:13-37
174        <service
174-->[androidx.work:work-runtime:2.6.0] AndroidManifest.xml:47:9-53:35
175            android:name="androidx.work.impl.background.systemjob.SystemJobService"
175-->[androidx.work:work-runtime:2.6.0] AndroidManifest.xml:48:13-84
176            android:directBootAware="false"
176-->[androidx.work:work-runtime:2.6.0] AndroidManifest.xml:49:13-44
177            android:enabled="@bool/enable_system_job_service_default"
177-->[androidx.work:work-runtime:2.6.0] AndroidManifest.xml:50:13-70
178            android:exported="true"
178-->[androidx.work:work-runtime:2.6.0] AndroidManifest.xml:51:13-36
179            android:permission="android.permission.BIND_JOB_SERVICE" />
179-->[androidx.work:work-runtime:2.6.0] AndroidManifest.xml:52:13-69
180        <service
180-->[androidx.work:work-runtime:2.6.0] AndroidManifest.xml:54:9-59:35
181            android:name="androidx.work.impl.foreground.SystemForegroundService"
181-->[androidx.work:work-runtime:2.6.0] AndroidManifest.xml:55:13-81
182            android:directBootAware="false"
182-->[androidx.work:work-runtime:2.6.0] AndroidManifest.xml:56:13-44
183            android:enabled="@bool/enable_system_foreground_service_default"
183-->[androidx.work:work-runtime:2.6.0] AndroidManifest.xml:57:13-77
184            android:exported="false" />
184-->[androidx.work:work-runtime:2.6.0] AndroidManifest.xml:58:13-37
185
186        <receiver
186-->[androidx.work:work-runtime:2.6.0] AndroidManifest.xml:61:9-66:35
187            android:name="androidx.work.impl.utils.ForceStopRunnable$BroadcastReceiver"
187-->[androidx.work:work-runtime:2.6.0] AndroidManifest.xml:62:13-88
188            android:directBootAware="false"
188-->[androidx.work:work-runtime:2.6.0] AndroidManifest.xml:63:13-44
189            android:enabled="true"
189-->[androidx.work:work-runtime:2.6.0] AndroidManifest.xml:64:13-35
190            android:exported="false" />
190-->[androidx.work:work-runtime:2.6.0] AndroidManifest.xml:65:13-37
191        <receiver
191-->[androidx.work:work-runtime:2.6.0] AndroidManifest.xml:67:9-77:20
192            android:name="androidx.work.impl.background.systemalarm.ConstraintProxy$BatteryChargingProxy"
192-->[androidx.work:work-runtime:2.6.0] AndroidManifest.xml:68:13-106
193            android:directBootAware="false"
193-->[androidx.work:work-runtime:2.6.0] AndroidManifest.xml:69:13-44
194            android:enabled="false"
194-->[androidx.work:work-runtime:2.6.0] AndroidManifest.xml:70:13-36
195            android:exported="false" >
195-->[androidx.work:work-runtime:2.6.0] AndroidManifest.xml:71:13-37
196            <intent-filter>
196-->[androidx.work:work-runtime:2.6.0] AndroidManifest.xml:73:13-76:29
197                <action android:name="android.intent.action.ACTION_POWER_CONNECTED" />
197-->[androidx.work:work-runtime:2.6.0] AndroidManifest.xml:74:17-87
197-->[androidx.work:work-runtime:2.6.0] AndroidManifest.xml:74:25-84
198                <action android:name="android.intent.action.ACTION_POWER_DISCONNECTED" />
198-->[androidx.work:work-runtime:2.6.0] AndroidManifest.xml:75:17-90
198-->[androidx.work:work-runtime:2.6.0] AndroidManifest.xml:75:25-87
199            </intent-filter>
200        </receiver>
201        <receiver
201-->[androidx.work:work-runtime:2.6.0] AndroidManifest.xml:78:9-88:20
202            android:name="androidx.work.impl.background.systemalarm.ConstraintProxy$BatteryNotLowProxy"
202-->[androidx.work:work-runtime:2.6.0] AndroidManifest.xml:79:13-104
203            android:directBootAware="false"
203-->[androidx.work:work-runtime:2.6.0] AndroidManifest.xml:80:13-44
204            android:enabled="false"
204-->[androidx.work:work-runtime:2.6.0] AndroidManifest.xml:81:13-36
205            android:exported="false" >
205-->[androidx.work:work-runtime:2.6.0] AndroidManifest.xml:82:13-37
206            <intent-filter>
206-->[androidx.work:work-runtime:2.6.0] AndroidManifest.xml:84:13-87:29
207                <action android:name="android.intent.action.BATTERY_OKAY" />
207-->[androidx.work:work-runtime:2.6.0] AndroidManifest.xml:85:17-77
207-->[androidx.work:work-runtime:2.6.0] AndroidManifest.xml:85:25-74
208                <action android:name="android.intent.action.BATTERY_LOW" />
208-->[androidx.work:work-runtime:2.6.0] AndroidManifest.xml:86:17-76
208-->[androidx.work:work-runtime:2.6.0] AndroidManifest.xml:86:25-73
209            </intent-filter>
210        </receiver>
211        <receiver
211-->[androidx.work:work-runtime:2.6.0] AndroidManifest.xml:89:9-99:20
212            android:name="androidx.work.impl.background.systemalarm.ConstraintProxy$StorageNotLowProxy"
212-->[androidx.work:work-runtime:2.6.0] AndroidManifest.xml:90:13-104
213            android:directBootAware="false"
213-->[androidx.work:work-runtime:2.6.0] AndroidManifest.xml:91:13-44
214            android:enabled="false"
214-->[androidx.work:work-runtime:2.6.0] AndroidManifest.xml:92:13-36
215            android:exported="false" >
215-->[androidx.work:work-runtime:2.6.0] AndroidManifest.xml:93:13-37
216            <intent-filter>
216-->[androidx.work:work-runtime:2.6.0] AndroidManifest.xml:95:13-98:29
217                <action android:name="android.intent.action.DEVICE_STORAGE_LOW" />
217-->[androidx.work:work-runtime:2.6.0] AndroidManifest.xml:96:17-83
217-->[androidx.work:work-runtime:2.6.0] AndroidManifest.xml:96:25-80
218                <action android:name="android.intent.action.DEVICE_STORAGE_OK" />
218-->[androidx.work:work-runtime:2.6.0] AndroidManifest.xml:97:17-82
218-->[androidx.work:work-runtime:2.6.0] AndroidManifest.xml:97:25-79
219            </intent-filter>
220        </receiver>
221        <receiver
221-->[androidx.work:work-runtime:2.6.0] AndroidManifest.xml:100:9-109:20
222            android:name="androidx.work.impl.background.systemalarm.ConstraintProxy$NetworkStateProxy"
222-->[androidx.work:work-runtime:2.6.0] AndroidManifest.xml:101:13-103
223            android:directBootAware="false"
223-->[androidx.work:work-runtime:2.6.0] AndroidManifest.xml:102:13-44
224            android:enabled="false"
224-->[androidx.work:work-runtime:2.6.0] AndroidManifest.xml:103:13-36
225            android:exported="false" >
225-->[androidx.work:work-runtime:2.6.0] AndroidManifest.xml:104:13-37
226            <intent-filter>
226-->[androidx.work:work-runtime:2.6.0] AndroidManifest.xml:106:13-108:29
227                <action android:name="android.net.conn.CONNECTIVITY_CHANGE" />
227-->[androidx.work:work-runtime:2.6.0] AndroidManifest.xml:107:17-79
227-->[androidx.work:work-runtime:2.6.0] AndroidManifest.xml:107:25-76
228            </intent-filter>
229        </receiver>
230        <receiver
230-->[androidx.work:work-runtime:2.6.0] AndroidManifest.xml:110:9-121:20
231            android:name="androidx.work.impl.background.systemalarm.RescheduleReceiver"
231-->[androidx.work:work-runtime:2.6.0] AndroidManifest.xml:111:13-88
232            android:directBootAware="false"
232-->[androidx.work:work-runtime:2.6.0] AndroidManifest.xml:112:13-44
233            android:enabled="false"
233-->[androidx.work:work-runtime:2.6.0] AndroidManifest.xml:113:13-36
234            android:exported="false" >
234-->[androidx.work:work-runtime:2.6.0] AndroidManifest.xml:114:13-37
235            <intent-filter>
235-->[androidx.work:work-runtime:2.6.0] AndroidManifest.xml:116:13-120:29
236                <action android:name="android.intent.action.BOOT_COMPLETED" />
236-->[com.onesignal:OneSignal:4.6.7] AndroidManifest.xml:108:17-79
236-->[com.onesignal:OneSignal:4.6.7] AndroidManifest.xml:108:25-76
237                <action android:name="android.intent.action.TIME_SET" />
237-->[androidx.work:work-runtime:2.6.0] AndroidManifest.xml:118:17-73
237-->[androidx.work:work-runtime:2.6.0] AndroidManifest.xml:118:25-70
238                <action android:name="android.intent.action.TIMEZONE_CHANGED" />
238-->[androidx.work:work-runtime:2.6.0] AndroidManifest.xml:119:17-81
238-->[androidx.work:work-runtime:2.6.0] AndroidManifest.xml:119:25-78
239            </intent-filter>
240        </receiver>
241        <receiver
241-->[androidx.work:work-runtime:2.6.0] AndroidManifest.xml:122:9-131:20
242            android:name="androidx.work.impl.background.systemalarm.ConstraintProxyUpdateReceiver"
242-->[androidx.work:work-runtime:2.6.0] AndroidManifest.xml:123:13-99
243            android:directBootAware="false"
243-->[androidx.work:work-runtime:2.6.0] AndroidManifest.xml:124:13-44
244            android:enabled="@bool/enable_system_alarm_service_default"
244-->[androidx.work:work-runtime:2.6.0] AndroidManifest.xml:125:13-72
245            android:exported="false" >
245-->[androidx.work:work-runtime:2.6.0] AndroidManifest.xml:126:13-37
246            <intent-filter>
246-->[androidx.work:work-runtime:2.6.0] AndroidManifest.xml:128:13-130:29
247                <action android:name="androidx.work.impl.background.systemalarm.UpdateProxies" />
247-->[androidx.work:work-runtime:2.6.0] AndroidManifest.xml:129:17-98
247-->[androidx.work:work-runtime:2.6.0] AndroidManifest.xml:129:25-95
248            </intent-filter>
249        </receiver>
250        <receiver
250-->[androidx.work:work-runtime:2.6.0] AndroidManifest.xml:132:9-142:20
251            android:name="androidx.work.impl.diagnostics.DiagnosticsReceiver"
251-->[androidx.work:work-runtime:2.6.0] AndroidManifest.xml:133:13-78
252            android:directBootAware="false"
252-->[androidx.work:work-runtime:2.6.0] AndroidManifest.xml:134:13-44
253            android:enabled="true"
253-->[androidx.work:work-runtime:2.6.0] AndroidManifest.xml:135:13-35
254            android:exported="true"
254-->[androidx.work:work-runtime:2.6.0] AndroidManifest.xml:136:13-36
255            android:permission="android.permission.DUMP" >
255-->[androidx.work:work-runtime:2.6.0] AndroidManifest.xml:137:13-57
256            <intent-filter>
256-->[androidx.work:work-runtime:2.6.0] AndroidManifest.xml:139:13-141:29
257                <action android:name="androidx.work.diagnostics.REQUEST_DIAGNOSTICS" />
257-->[androidx.work:work-runtime:2.6.0] AndroidManifest.xml:140:17-88
257-->[androidx.work:work-runtime:2.6.0] AndroidManifest.xml:140:25-85
258            </intent-filter>
259        </receiver>
260
261        <service
261-->[androidx.room:room-runtime:2.2.5] AndroidManifest.xml:25:9-28:40
262            android:name="androidx.room.MultiInstanceInvalidationService"
262-->[androidx.room:room-runtime:2.2.5] AndroidManifest.xml:26:13-74
263            android:directBootAware="true"
263-->[androidx.room:room-runtime:2.2.5] AndroidManifest.xml:27:13-43
264            android:exported="false" />
264-->[androidx.room:room-runtime:2.2.5] AndroidManifest.xml:28:13-37
265
266        <receiver